<?xml version="1.0" encoding="UTF-8"?>
<!-- Generated by org.testng.reporters.JUnitXMLReporter -->
<testsuite ignored="0" hostname="PENNANT-VSP205" failures="0" tests="3" name="Default test" time="0.767" errors="0" timestamp="2023-07-03T16:19:51 IST">
  <testcase classname="testcontroller.OfferLetterControllerTest" name="testGetIssuingCandidates" time="0.026"/>
  <testcase classname="testcontroller.OfferLetterControllerTest" name="testGetOfferLetterProvidedCandidates" time="0.004"/>
  <testcase classname="testcontroller.OfferLetterControllerTest" name="testSendOfferMail" time="0.008"/>
</testsuite> <!-- Default test -->
