<?xml version="1.0" encoding="UTF-8"?>
<testng-results ignored="0" total="3" passed="3" failed="0" skipped="0">
  <reporter-output>
  </reporter-output>
  <suite started-at="2023-07-03T16:19:50 IST" name="Default suite" finished-at="2023-07-03T16:19:51 IST" duration-ms="767">
    <groups>
    </groups>
    <test started-at="2023-07-03T16:19:50 IST" name="Default test" finished-at="2023-07-03T16:19:51 IST" duration-ms="767">
      <class name="testcontroller.OfferLetterControllerTest">
        <test-method is-config="true" signature="setUp()[pri:0, instance:testcontroller.OfferLetterControllerTest@4c4748bf]" started-at="2023-07-03T16:19:50 IST" name="setUp" finished-at="2023-07-03T16:19:51 IST" duration-ms="664" status="PASS">
          <reporter-output>
          </reporter-output>
        </test-method> <!-- setUp -->
        <test-method signature="testGetIssuingCandidates()[pri:0, instance:testcontroller.OfferLetterControllerTest@4c4748bf]" started-at="2023-07-03T16:19:51 IST" name="testGetIssuingCandidates" finished-at="2023-07-03T16:19:51 IST" duration-ms="26" status="PASS">
          <reporter-output>
          </reporter-output>
        </test-method> <!-- testGetIssuingCandidates -->
        <test-method is-config="true" signature="setUp()[pri:0, instance:testcontroller.OfferLetterControllerTest@4c4748bf]" started-at="2023-07-03T16:19:51 IST" name="setUp" finished-at="2023-07-03T16:19:51 IST" duration-ms="9" status="PASS">
          <reporter-output>
          </reporter-output>
        </test-method> <!-- setUp -->
        <test-method signature="testGetOfferLetterProvidedCandidates()[pri:0, instance:testcontroller.OfferLetterControllerTest@4c4748bf]" started-at="2023-07-03T16:19:51 IST" name="testGetOfferLetterProvidedCandidates" finished-at="2023-07-03T16:19:51 IST" duration-ms="4" status="PASS">
          <reporter-output>
          </reporter-output>
        </test-method> <!-- testGetOfferLetterProvidedCandidates -->
        <test-method is-config="true" signature="setUp()[pri:0, instance:testcontroller.OfferLetterControllerTest@4c4748bf]" started-at="2023-07-03T16:19:51 IST" name="setUp" finished-at="2023-07-03T16:19:51 IST" duration-ms="2" status="PASS">
          <reporter-output>
          </reporter-output>
        </test-method> <!-- setUp -->
        <test-method signature="testSendOfferMail()[pri:0, instance:testcontroller.OfferLetterControllerTest@4c4748bf]" started-at="2023-07-03T16:19:51 IST" name="testSendOfferMail" finished-at="2023-07-03T16:19:51 IST" duration-ms="8" status="PASS">
          <reporter-output>
          </reporter-output>
        </test-method> <!-- testSendOfferMail -->
      </class> <!-- testcontroller.OfferLetterControllerTest -->
    </test> <!-- Default test -->
  </suite> <!-- Default suite -->
</testng-results>
